sample.interval=20000
"lazyLoadDBfetch" 
"lazyLoadDBfetch" "stats::model.frame" "eval" "eval" "lm" 
"lazyLoadDBfetch" "terms" "model.frame.default" "stats::model.frame" "eval" "eval" "lm" 
"make.functionContext" "cmpfun" "doTryCatch" "tryCatchOne" "tryCatchList" "tryCatch" "compiler:::tryCmpfun" "FUN" "lapply" ".rs.recordTraceback" "<Anonymous>" "eval" "eval" "model.frame.default" "stats::model.frame" "eval" "eval" "lm" 
"make.nonTailCallContext" "h" "tryInline" "cmpCall" "cmp" "h" "tryInline" "cmpCall" "cmp" "genCode" "cmpfun" "doTryCatch" "tryCatchOne" "tryCatchList" "tryCatch" "compiler:::tryCmpfun" "FUN" "lapply" ".rs.recordTraceback" "<Anonymous>" "eval" "eval" "model.frame.default" "stats::model.frame" "eval" "eval" "lm" 
"cb$patchlabels" "codeBufCode" "genCode" "cb$putconst" "cmpCallArgs" "cmpCallSymFun" "cmpCall" "cmp" "genCode" "cb$putconst" "cmpCallArgs" "cmpCallSymFun" "cmpCall" "cmp" "cmpBuiltinArgs" "h" "tryInline" "cmpCall" "cmp" "cmpBuiltinArgs" "h" "tryInline" "cmpCall" "cmp" "h" "tryInline" "cmpCall" "cmp" "genCode" "cmpfun" "doTryCatch" "tryCatchOne" "tryCatchList" "tryCatch" "compiler:::tryCmpfun" "FUN" "lapply" ".rs.recordTraceback" "<Anonymous>" "eval" "eval" "model.frame.default" "stats::model.frame" "eval" "eval" "lm" 
"findCenvVar" "getInlineInfo" "tryInline" "cmpCall" "cmp" "h" "tryInline" "cmpCall" "cmp" "h" "tryInline" "cmpCall" "cmp" "h" "tryInline" "cmpCall" "cmp" "genCode" "cmpfun" "doTryCatch" "tryCatchOne" "tryCatchList" "tryCatch" "compiler:::tryCmpfun" "FUN" "lapply" ".rs.addPythonStackFrames" ".rs.recordTraceback" "<Anonymous>" "eval" "eval" "model.frame.default" "stats::model.frame" "eval" "eval" "lm" 
".signalSimpleWarning" ".rs.normalizePath" "withCallingHandlers" "suppressWarnings" ".rs.rpc.get_completions" 
"ls" "FUN" "lapply" ".rs.objectsOnSearchPath" ".rs.getCompletionsSearchPath" "Reduce" ".rs.rpc.get_completions" 
"ls" "FUN" "lapply" ".rs.objectsOnSearchPath" ".rs.getCompletionsSearchPath" "Reduce" ".rs.rpc.get_completions" 
"ls" "FUN" "lapply" ".rs.objectsOnSearchPath" ".rs.getCompletionsSearchPath" "Reduce" ".rs.rpc.get_completions" 
"gsub" ".rs.fuzzyMatches" ".rs.getCompletionsSearchPath" "Reduce" ".rs.rpc.get_completions" 
"nchar" ".rs.startsWith" ".rs.fuzzyMatches" ".rs.getCompletionsSearchPath" "Reduce" ".rs.rpc.get_completions" 
".Call" ".rs.getNAMESPACEImportedSymbols" ".rs.getCompletionsNAMESPACE" "Reduce" ".rs.rpc.get_completions" 
"do.call" "doTryCatch" "tryCatchOne" "tryCatchList" "tryCatch" ".rs.getHelpFromObject" ".rs.getHelpFunction" ".rs.getHelpRpcImpl" ".rs.rpc.get_help" 
"doTryCatch" "tryCatchOne" "tryCatchList" "tryCatch" ".rs.getHelpFromObject" ".rs.getHelpFunction" ".rs.getHelpRpcImpl" ".rs.rpc.get_help" 
"tryCatchList" "tryCatch" ".rs.getHelpFromObject" ".rs.getHelpFunction" ".rs.getHelpRpcImpl" ".rs.rpc.get_help" 
"index.search" "utils::help" "eval" "eval" "withCallingHandlers" "doTryCatch" "tryCatchOne" "tryCatchList" "tryCatch" ".rs.tryCatch" ".rs.getHelp" ".rs.getHelpFromObject" ".rs.getHelpFunction" ".rs.getHelpRpcImpl" ".rs.rpc.get_help" 
"writeContent" "writeSection" "Rd2HTML" "tools:::httpd" "withCallingHandlers" "suppressWarnings" ".rs.getHelp" ".rs.getHelpFromObject" ".rs.getHelpFunction" ".rs.getHelpRpcImpl" ".rs.rpc.get_help" 
"gsub" "psub" "addParaBreaks" "writeLines" "writeLinesUTF8" "of1" "writeBlock" "writeContent" "writeSection" "Rd2HTML" "tools:::httpd" "withCallingHandlers" "suppressWarnings" ".rs.getHelp" ".rs.getHelpFromObject" ".rs.getHelpFunction" ".rs.getHelpRpcImpl" ".rs.rpc.get_help" 
"file" "readLines" "paste" "tools:::httpd" "withCallingHandlers" "suppressWarnings" ".rs.getHelp" ".rs.getHelpFromObject" ".rs.getHelpFunction" ".rs.getHelpRpcImpl" ".rs.rpc.get_help" 
"file" "readLines" "paste" "tools:::httpd" "withCallingHandlers" "suppressWarnings" ".rs.getHelp" ".rs.getHelpFromObject" ".rs.getHelpFunction" ".rs.getHelpRpcImpl" ".rs.rpc.get_help" 
"file" "readLines" "paste" "tools:::httpd" "withCallingHandlers" "suppressWarnings" ".rs.getHelp" ".rs.getHelpFromObject" ".rs.getHelpFunction" ".rs.getHelpRpcImpl" ".rs.rpc.get_help" 
"